<?xml version="1.0" encoding="UTF-8"?>
<!-- Generated by org.testng.reporters.JUnitXMLReporter -->
<testsuite hostname="system8-PC" ignored="4" name="GRP-smoke,sanity" tests="4" failures="0" timestamp="21 Aug 2018 05:23:08 GMT" time="0.047" errors="0">
  <testcase name="testD" time="0.016" classname="testNG.TestNg"/>
  <testcase name="testK" time="0.016" classname="testNG.TestNg"/>
  <testcase name="testA" time="0.0" classname="testNG.TestNg"/>
  <testcase name="testL" time="0.0" classname="testNG.TestNg"/>
  <testcase name="testN" time="0.0" classname="testNG.TestNg">
    <ignored/>
  </testcase> <!-- testN -->
  <testcase name="testC" time="0.0" classname="testNG.TestNg">
    <ignored/>
  </testcase> <!-- testC -->
  <testcase name="testM" time="0.0" classname="testNG.TestNg">
    <ignored/>
  </testcase> <!-- testM -->
  <testcase name="testB" time="0.0" classname="testNG.TestNg">
    <ignored/>
  </testcase> <!-- testB -->
</testsuite> <!-- GRP-smoke,sanity -->
