<?xml version="1.0" encoding="UTF-8"?>
<testng-results skipped="0" failed="0" ignored="0" total="1" passed="1">
  <reporter-output>
  </reporter-output>
  <suite name="Default suite" duration-ms="265" started-at="2018-09-06T10:03:15Z" finished-at="2018-09-06T10:03:15Z">
    <groups>
    </groups>
    <test name="Default test" duration-ms="265" started-at="2018-09-06T10:03:15Z" finished-at="2018-09-06T10:03:15Z">
      <class name="testNG.Log4j">
        <test-method status="PASS" signature="logkj()[pri:0, instance:testNG.Log4j@86be70a]" name="logkj" duration-ms="240" started-at="2018-09-06T10:03:15Z" finished-at="2018-09-06T10:03:15Z">
          <reporter-output>
          </reporter-output>
        </test-method> <!-- logkj -->
      </class> <!-- testNG.Log4j -->
    </test> <!-- Default test -->
  </suite> <!-- Default suite -->
</testng-results>
